16.10.2020 13:20:07.214 - line 60 - INFO - Tripmaster V2.0 gestartet
16.10.2020 13:20:07.215 - line 61 - INFO - DEBUG: True
16.10.2020 13:20:07.215 - line 62 - DEBUG - Tornado-Version: 4.5.3
16.10.2020 13:20:21.697 - line 1332 - WARNING - SSL Error on 14 ('19.66.71.12', 40344): [SSL: SSLV3_ALERT_CERTIFICATE_UNKNOWN] sslv3 alert certificate unknown (_ssl.c:1056)
16.10.2020 13:20:21.950 - line 1332 - WARNING - SSL Error on 20 ('19.66.71.12', 40356): [SSL: SSLV3_ALERT_CERTIFICATE_UNKNOWN] sslv3 alert certificate unknown (_ssl.c:1056)
16.10.2020 13:20:21.952 - line 1332 - WARNING - SSL Error on 19 ('19.66.71.12', 40354): [SSL: SSLV3_ALERT_CERTIFICATE_UNKNOWN] sslv3 alert certificate unknown (_ssl.c:1056)
16.10.2020 13:20:21.953 - line 1332 - WARNING - SSL Error on 18 ('19.66.71.12', 40352): [SSL: SSLV3_ALERT_CERTIFICATE_UNKNOWN] sslv3 alert certificate unknown (_ssl.c:1056)
16.10.2020 13:20:21.954 - line 1332 - WARNING - SSL Error on 17 ('19.66.71.12', 40350): [SSL: SSLV3_ALERT_CERTIFICATE_UNKNOWN] sslv3 alert certificate unknown (_ssl.c:1056)
16.10.2020 13:20:21.956 - line 1332 - WARNING - SSL Error on 16 ('19.66.71.12', 40348): [SSL: SSLV3_ALERT_CERTIFICATE_UNKNOWN] sslv3 alert certificate unknown (_ssl.c:1056)
16.10.2020 13:20:22.058 - line 1332 - WARNING - SSL Error on 24 ('19.66.71.12', 40364): [SSL: SSLV3_ALERT_CERTIFICATE_UNKNOWN] sslv3 alert certificate unknown (_ssl.c:1056)
16.10.2020 13:20:22.060 - line 1332 - WARNING - SSL Error on 23 ('19.66.71.12', 40362): [SSL: SSLV3_ALERT_CERTIFICATE_UNKNOWN] sslv3 alert certificate unknown (_ssl.c:1056)
16.10.2020 13:20:22.061 - line 1332 - WARNING - SSL Error on 22 ('19.66.71.12', 40360): [SSL: SSLV3_ALERT_CERTIFICATE_UNKNOWN] sslv3 alert certificate unknown (_ssl.c:1056)
16.10.2020 13:20:22.132 - line 1332 - WARNING - SSL Error on 21 ('19.66.71.12', 40358): [SSL: SSLV3_ALERT_CERTIFICATE_UNKNOWN] sslv3 alert certificate unknown (_ssl.c:1056)
16.10.2020 13:20:24.993 - line 1332 - WARNING - SSL Error on 19 ('19.66.71.12', 60182): [SSL: SSLV3_ALERT_CERTIFICATE_UNKNOWN] sslv3 alert certificate unknown (_ssl.c:1056)
16.10.2020 13:20:25.036 - line 726 - INFO - Erster WebSocket Client verbunden
16.10.2020 13:20:25.044 - line 744 - INFO - OPEN - Anzahl verbundener Clients: 1
16.10.2020 13:20:25.235 - line 749 - DEBUG - Nachricht Client #1 (dashboard): getAllPoints
16.10.2020 13:20:37.922 - line 749 - DEBUG - Nachricht Client #1 (dashboard): toggleStage
16.10.2020 13:20:37.924 - line 258 - DEBUG -    Etappe 4 gestartet: 8,00/50,00
16.10.2020 13:20:38.010 - line 272 - DEBUG - Abschnitt 0 gestartet: 8,00/50,00
16.10.2020 13:29:33.964 - line 968 - INFO - CLOSE - Anzahl noch verbundener Clients: 0
16.10.2020 14:02:52.524 - line 726 - INFO - Erster WebSocket Client verbunden
16.10.2020 14:02:52.531 - line 744 - INFO - OPEN - Anzahl verbundener Clients: 1
16.10.2020 14:02:52.669 - line 749 - DEBUG - Nachricht Client #1 (dashboard): getAllPoints
16.10.2020 14:02:55.041 - line 455 - ERROR - BufferError beim Aussenden einer Message zum Client
16.10.2020 14:03:33.334 - line 749 - DEBUG - Nachricht Client #1 (dashboard): resetSector
16.10.2020 14:03:34.132 - line 277 - DEBUG - Abschnitt 0 gestoppt:  8,50/50,50
16.10.2020 14:03:34.210 - line 272 - DEBUG - Abschnitt 1 gestartet: 8,50/50,50
16.10.2020 14:04:24.320 - line 968 - INFO - CLOSE - Anzahl noch verbundener Clients: 0
16.10.2020 13:19:01.331 - line 60 - INFO - Tripmaster V2.0 gestartet
16.10.2020 13:19:01.333 - line 61 - INFO - DEBUG: False
16.10.2020 14:13:09.623 - line 726 - INFO - Erster WebSocket Client verbunden
16.10.2020 14:13:09.630 - line 744 - INFO - OPEN - Anzahl verbundener Clients: 1
16.10.2020 14:13:18.708 - line 968 - INFO - CLOSE - Anzahl noch verbundener Clients: 0
16.10.2020 14:15:40.227 - line 60 - INFO - Tripmaster V2.0 gestartet
16.10.2020 14:15:40.227 - line 61 - INFO - DEBUG: True
16.10.2020 14:15:40.228 - line 62 - DEBUG - Tornado-Version: 4.5.3
16.10.2020 14:15:50.531 - line 726 - INFO - Erster WebSocket Client verbunden
16.10.2020 14:15:50.538 - line 744 - INFO - OPEN - Anzahl verbundener Clients: 1
16.10.2020 14:15:50.654 - line 749 - DEBUG - Nachricht Client #1 (dashboard): getAllPoints
16.10.2020 14:15:55.048 - line 749 - DEBUG - Nachricht Client #1 (dashboard): toggleStage
16.10.2020 14:15:55.050 - line 258 - DEBUG -    Etappe 0 gestartet: 8,00/50,00
16.10.2020 14:15:55.059 - line 272 - DEBUG - Abschnitt 0 gestartet: 8,00/50,00
16.10.2020 14:18:55.034 - line 744 - INFO - OPEN - Anzahl verbundener Clients: 2
16.10.2020 14:18:55.036 - line 749 - DEBUG - Nachricht Client #2 (settings): getAllPoints
16.10.2020 14:19:40.372 - line 968 - INFO - CLOSE - Anzahl noch verbundener Clients: 1
16.10.2020 14:19:40.373 - line 968 - INFO - CLOSE - Anzahl noch verbundener Clients: 0
16.10.2020 14:19:57.844 - line 726 - INFO - Erster WebSocket Client verbunden
16.10.2020 14:19:57.851 - line 744 - INFO - OPEN - Anzahl verbundener Clients: 1
16.10.2020 14:19:57.944 - line 749 - DEBUG - Nachricht Client #1 (dashboard): getAllPoints
16.10.2020 14:20:00.030 - line 455 - ERROR - BufferError beim Aussenden einer Message zum Client
16.10.2020 14:20:01.028 - line 455 - ERROR - BufferError beim Aussenden einer Message zum Client
16.10.2020 14:20:02.026 - line 455 - ERROR - BufferError beim Aussenden einer Message zum Client
16.10.2020 14:20:03.027 - line 455 - ERROR - BufferError beim Aussenden einer Message zum Client
16.10.2020 14:20:05.031 - line 455 - ERROR - BufferError beim Aussenden einer Message zum Client
16.10.2020 14:20:06.027 - line 455 - ERROR - BufferError beim Aussenden einer Message zum Client
16.10.2020 14:20:07.027 - line 455 - ERROR - BufferError beim Aussenden einer Message zum Client
16.10.2020 14:20:08.027 - line 455 - ERROR - BufferError beim Aussenden einer Message zum Client
16.10.2020 14:20:09.027 - line 455 - ERROR - BufferError beim Aussenden einer Message zum Client
16.10.2020 14:20:10.036 - line 455 - ERROR - BufferError beim Aussenden einer Message zum Client
16.10.2020 14:20:11.027 - line 455 - ERROR - BufferError beim Aussenden einer Message zum Client
16.10.2020 14:20:12.027 - line 455 - ERROR - BufferError beim Aussenden einer Message zum Client
16.10.2020 14:20:13.027 - line 455 - ERROR - BufferError beim Aussenden einer Message zum Client
16.10.2020 14:20:15.036 - line 455 - ERROR - BufferError beim Aussenden einer Message zum Client
16.10.2020 14:20:16.027 - line 455 - ERROR - BufferError beim Aussenden einer Message zum Client
16.10.2020 14:20:17.027 - line 455 - ERROR - BufferError beim Aussenden einer Message zum Client
16.10.2020 14:20:18.027 - line 455 - ERROR - BufferError beim Aussenden einer Message zum Client
16.10.2020 14:20:19.027 - line 455 - ERROR - BufferError beim Aussenden einer Message zum Client
16.10.2020 14:20:20.035 - line 455 - ERROR - BufferError beim Aussenden einer Message zum Client
16.10.2020 14:20:21.027 - line 455 - ERROR - BufferError beim Aussenden einer Message zum Client
16.10.2020 14:20:22.028 - line 455 - ERROR - BufferError beim Aussenden einer Message zum Client
16.10.2020 14:20:23.027 - line 455 - ERROR - BufferError beim Aussenden einer Message zum Client
16.10.2020 14:20:24.027 - line 455 - ERROR - BufferError beim Aussenden einer Message zum Client
16.10.2020 14:20:25.035 - line 455 - ERROR - BufferError beim Aussenden einer Message zum Client
16.10.2020 14:20:26.027 - line 455 - ERROR - BufferError beim Aussenden einer Message zum Client
16.10.2020 14:20:27.028 - line 455 - ERROR - BufferError beim Aussenden einer Message zum Client
16.10.2020 14:20:28.028 - line 455 - ERROR - BufferError beim Aussenden einer Message zum Client
16.10.2020 14:20:29.028 - line 455 - ERROR - BufferError beim Aussenden einer Message zum Client
16.10.2020 14:20:30.037 - line 455 - ERROR - BufferError beim Aussenden einer Message zum Client
16.10.2020 14:20:32.027 - line 455 - ERROR - BufferError beim Aussenden einer Message zum Client
16.10.2020 14:20:33.028 - line 455 - ERROR - BufferError beim Aussenden einer Message zum Client
16.10.2020 14:21:59.996 - line 968 - INFO - CLOSE - Anzahl noch verbundener Clients: 0
16.10.2020 19:35:27.163 - line 726 - INFO - Erster WebSocket Client verbunden
16.10.2020 19:35:27.176 - line 497 - ERROR - Uncaught exception in /dashboard
Traceback (most recent call last):
  File "/usr/local/lib/python3.7/dist-packages/tornado/websocket.py", line 494, in _run_callback
    result = callback(*args, **kwargs)
  File "./tripmaster_web.py", line 736, in open
    self.write_message("::setButtons#" + button + "#" + POINTS[pointType].icon + "#" + POINTS[pointType].iconcolor + "#" + pointCategory + "#" + pointType)
  File "/usr/local/lib/python3.7/dist-packages/tornado/websocket.py", line 252, in write_message
    return self.ws_connection.write_message(message, binary=binary)
  File "/usr/local/lib/python3.7/dist-packages/tornado/websocket.py", line 793, in write_message
    return self._write_frame(True, opcode, message, flags=flags)
  File "/usr/local/lib/python3.7/dist-packages/tornado/websocket.py", line 776, in _write_frame
    return self.stream.write(frame)
  File "/usr/local/lib/python3.7/dist-packages/tornado/iostream.py", line 395, in write
    self._write_buffer += data
BufferError: Existing exports of data: object cannot be re-sized
16.10.2020 19:35:27.244 - line 968 - INFO - CLOSE - Anzahl noch verbundener Clients: 0
16.10.2020 19:35:32.733 - line 726 - INFO - Erster WebSocket Client verbunden
16.10.2020 19:35:32.739 - line 744 - INFO - OPEN - Anzahl verbundener Clients: 1
16.10.2020 19:35:32.901 - line 749 - DEBUG - Nachricht Client #1 (dashboard): getAllPoints
16.10.2020 19:35:37.598 - line 455 - ERROR - BufferError beim Aussenden einer Message zum Client
16.10.2020 19:35:42.207 - line 455 - ERROR - BufferError beim Aussenden einer Message zum Client
16.10.2020 19:35:43.488 - line 455 - ERROR - BufferError beim Aussenden einer Message zum Client
16.10.2020 19:35:45.331 - line 455 - ERROR - BufferError beim Aussenden einer Message zum Client
16.10.2020 19:35:46.318 - line 455 - ERROR - BufferError beim Aussenden einer Message zum Client
16.10.2020 19:35:47.325 - line 455 - ERROR - BufferError beim Aussenden einer Message zum Client
16.10.2020 19:35:48.328 - line 455 - ERROR - BufferError beim Aussenden einer Message zum Client
16.10.2020 19:35:50.321 - line 455 - ERROR - BufferError beim Aussenden einer Message zum Client
16.10.2020 19:35:51.328 - line 455 - ERROR - BufferError beim Aussenden einer Message zum Client
16.10.2020 19:35:54.701 - line 455 - ERROR - BufferError beim Aussenden einer Message zum Client
16.10.2020 19:35:59.267 - line 455 - ERROR - BufferError beim Aussenden einer Message zum Client
16.10.2020 19:36:03.847 - line 455 - ERROR - BufferError beim Aussenden einer Message zum Client
16.10.2020 19:36:04.523 - line 455 - ERROR - BufferError beim Aussenden einer Message zum Client
16.10.2020 19:36:06.878 - line 455 - ERROR - BufferError beim Aussenden einer Message zum Client
16.10.2020 19:36:11.554 - line 455 - ERROR - BufferError beim Aussenden einer Message zum Client
16.10.2020 19:36:15.972 - line 455 - ERROR - BufferError beim Aussenden einer Message zum Client
16.10.2020 19:36:20.630 - line 455 - ERROR - BufferError beim Aussenden einer Message zum Client
16.10.2020 19:36:25.062 - line 455 - ERROR - BufferError beim Aussenden einer Message zum Client
16.10.2020 19:36:27.972 - line 455 - ERROR - BufferError beim Aussenden einer Message zum Client
16.10.2020 20:01:02.875 - line 968 - INFO - CLOSE - Anzahl noch verbundener Clients: 0
16.10.2020 20:01:03.719 - line 726 - INFO - Erster WebSocket Client verbunden
16.10.2020 20:01:03.726 - line 744 - INFO - OPEN - Anzahl verbundener Clients: 1
16.10.2020 20:01:03.842 - line 749 - DEBUG - Nachricht Client #1 (dashboard): getAllPoints
16.10.2020 20:01:05.343 - line 455 - ERROR - BufferError beim Aussenden einer Message zum Client
16.10.2020 20:01:08.351 - line 455 - ERROR - BufferError beim Aussenden einer Message zum Client
16.10.2020 20:01:08.895 - line 749 - DEBUG - Nachricht Client #1 (dashboard): resetSector
16.10.2020 20:01:09.460 - line 455 - ERROR - BufferError beim Aussenden einer Message zum Client
16.10.2020 20:01:10.341 - line 277 - DEBUG - Abschnitt 0 gestoppt:  11,79/53,79
16.10.2020 20:01:10.593 - line 272 - DEBUG - Abschnitt 1 gestartet: 11,79/53,79
16.10.2020 20:07:05.415 - line 968 - INFO - CLOSE - Anzahl noch verbundener Clients: 0
16.10.2020 20:12:40.193 - line 726 - INFO - Erster WebSocket Client verbunden
16.10.2020 20:12:40.200 - line 744 - INFO - OPEN - Anzahl verbundener Clients: 1
16.10.2020 20:12:40.369 - line 749 - DEBUG - Nachricht Client #1 (dashboard): getAllPoints
16.10.2020 20:12:45.344 - line 455 - ERROR - BufferError beim Aussenden einer Message zum Client
16.10.2020 20:12:46.595 - line 455 - ERROR - BufferError beim Aussenden einer Message zum Client
16.10.2020 20:12:49.392 - line 455 - ERROR - BufferError beim Aussenden einer Message zum Client
16.10.2020 20:12:50.922 - line 455 - ERROR - BufferError beim Aussenden einer Message zum Client
16.10.2020 20:14:47.172 - line 968 - INFO - CLOSE - Anzahl noch verbundener Clients: 0
16.10.2020 20:14:47.880 - line 726 - INFO - Erster WebSocket Client verbunden
16.10.2020 20:14:47.887 - line 744 - INFO - OPEN - Anzahl verbundener Clients: 1
16.10.2020 20:14:48.014 - line 749 - DEBUG - Nachricht Client #1 (dashboard): getAllPoints
16.10.2020 20:14:51.544 - line 455 - ERROR - BufferError beim Aussenden einer Message zum Client
16.10.2020 20:14:56.445 - line 455 - ERROR - BufferError beim Aussenden einer Message zum Client
16.10.2020 20:14:58.582 - line 455 - ERROR - BufferError beim Aussenden einer Message zum Client
16.10.2020 20:14:59.341 - line 455 - ERROR - BufferError beim Aussenden einer Message zum Client
16.10.2020 20:15:00.340 - line 455 - ERROR - BufferError beim Aussenden einer Message zum Client
16.10.2020 20:15:02.355 - line 455 - ERROR - BufferError beim Aussenden einer Message zum Client
16.10.2020 20:15:03.349 - line 455 - ERROR - BufferError beim Aussenden einer Message zum Client
16.10.2020 21:27:24.370 - line 749 - DEBUG - Nachricht Client #1 (dashboard): resetSector
16.10.2020 21:27:25.746 - line 455 - ERROR - BufferError beim Aussenden einer Message zum Client
16.10.2020 21:27:27.392 - line 277 - DEBUG - Abschnitt 1 gestoppt:  8,12/50,13
16.10.2020 21:27:30.526 - line 272 - DEBUG - Abschnitt 2 gestartet: 8,12/50,13
16.10.2020 21:27:30.536 - line 749 - DEBUG - Nachricht Client #1 (dashboard): resetSector
16.10.2020 21:27:31.388 - line 455 - ERROR - BufferError beim Aussenden einer Message zum Client
16.10.2020 21:27:34.212 - line 277 - DEBUG - Abschnitt 2 gestoppt:  8,12/50,13
16.10.2020 21:27:34.494 - line 272 - DEBUG - Abschnitt 3 gestartet: 8,12/50,13
16.10.2020 21:28:03.274 - line 968 - INFO - CLOSE - Anzahl noch verbundener Clients: 0
16.10.2020 21:28:04.354 - line 726 - INFO - Erster WebSocket Client verbunden
16.10.2020 21:28:04.362 - line 744 - INFO - OPEN - Anzahl verbundener Clients: 1
16.10.2020 21:28:04.503 - line 749 - DEBUG - Nachricht Client #1 (dashboard): getAllPoints
16.10.2020 21:28:14.205 - line 749 - DEBUG - Nachricht Client #1 (dashboard): resetSector
16.10.2020 21:28:26.609 - line 277 - DEBUG - Abschnitt 3 gestoppt:  8,12/50,13
16.10.2020 21:28:32.342 - line 272 - DEBUG - Abschnitt 4 gestartet: 8,12/50,13
16.10.2020 21:28:32.350 - line 749 - DEBUG - Nachricht Client #1 (dashboard): resetSector
16.10.2020 21:28:42.964 - line 277 - DEBUG - Abschnitt 4 gestoppt:  8,12/50,13
16.10.2020 21:28:43.247 - line 272 - DEBUG - Abschnitt 5 gestartet: 8,12/50,13
16.10.2020 21:29:15.641 - line 749 - DEBUG - Nachricht Client #1 (dashboard): toggleStage
16.10.2020 21:29:16.217 - line 277 - DEBUG - Abschnitt 5 gestoppt:  8,12/50,13
16.10.2020 21:29:16.498 - line 265 - DEBUG -    Etappe 0 gestoppt:  8,12/50,13
16.10.2020 21:29:31.333 - line 968 - INFO - CLOSE - Anzahl noch verbundener Clients: 0
16.10.2020 21:29:32.326 - line 726 - INFO - Erster WebSocket Client verbunden
16.10.2020 21:29:32.334 - line 744 - INFO - OPEN - Anzahl verbundener Clients: 1
16.10.2020 21:29:32.447 - line 749 - DEBUG - Nachricht Client #1 (dashboard): getAllPoints
16.10.2020 21:29:35.935 - line 749 - DEBUG - Nachricht Client #1 (dashboard): toggleStage
16.10.2020 21:29:36.022 - line 455 - ERROR - BufferError beim Aussenden einer Message zum Client
16.10.2020 21:29:39.024 - line 258 - DEBUG -    Etappe 1 gestartet: 8,12/50,13
16.10.2020 21:29:39.522 - line 272 - DEBUG - Abschnitt 0 gestartet: 8,12/50,13
16.10.2020 21:31:11.259 - line 744 - INFO - OPEN - Anzahl verbundener Clients: 2
16.10.2020 21:31:11.364 - line 749 - DEBUG - Nachricht Client #2 (dashboard): getAllPoints
16.10.2020 21:31:25.384 - line 749 - DEBUG - Nachricht Client #2 (dashboard): resetSector
16.10.2020 21:31:26.395 - line 455 - ERROR - BufferError beim Aussenden einer Message zum Client
16.10.2020 21:31:26.396 - line 455 - ERROR - BufferError beim Aussenden einer Message zum Client
16.10.2020 21:31:28.925 - line 455 - ERROR - BufferError beim Aussenden einer Message zum Client
16.10.2020 21:31:28.925 - line 455 - ERROR - BufferError beim Aussenden einer Message zum Client
16.10.2020 21:31:34.592 - line 277 - DEBUG - Abschnitt 0 gestoppt:  8,12/50,13
16.10.2020 21:31:39.369 - line 272 - DEBUG - Abschnitt 1 gestartet: 8,12/50,13
16.10.2020 21:31:39.370 - line 455 - ERROR - BufferError beim Aussenden einer Message zum Client
16.10.2020 21:31:44.265 - line 749 - DEBUG - Nachricht Client #2 (dashboard): resetSector
16.10.2020 21:31:57.218 - line 277 - DEBUG - Abschnitt 1 gestoppt:  8,12/50,13
16.10.2020 21:31:57.475 - line 272 - DEBUG - Abschnitt 2 gestartet: 8,12/50,13
16.10.2020 21:32:00.181 - line 968 - INFO - CLOSE - Anzahl noch verbundener Clients: 1
16.10.2020 21:33:21.405 - line 968 - INFO - CLOSE - Anzahl noch verbundener Clients: 0
16.10.2020 21:33:22.233 - line 726 - INFO - Erster WebSocket Client verbunden
16.10.2020 21:33:22.240 - line 744 - INFO - OPEN - Anzahl verbundener Clients: 1
16.10.2020 21:33:22.397 - line 749 - DEBUG - Nachricht Client #1 (dashboard): getAllPoints
16.10.2020 21:49:41.104 - line 749 - DEBUG - Nachricht Client #1 (dashboard): toggleStage
16.10.2020 21:49:43.858 - line 455 - ERROR - BufferError beim Aussenden einer Message zum Client
16.10.2020 21:49:44.776 - line 455 - ERROR - BufferError beim Aussenden einer Message zum Client
16.10.2020 21:49:50.817 - line 455 - ERROR - BufferError beim Aussenden einer Message zum Client
16.10.2020 21:49:55.618 - line 455 - ERROR - BufferError beim Aussenden einer Message zum Client
16.10.2020 21:49:57.404 - line 277 - DEBUG - Abschnitt 2 gestoppt:  8,12/50,13
16.10.2020 21:49:57.694 - line 265 - DEBUG -    Etappe 1 gestoppt:  8,12/50,13
16.10.2020 21:49:57.699 - line 968 - INFO - CLOSE - Anzahl noch verbundener Clients: 0
16.10.2020 21:49:58.969 - line 726 - INFO - Erster WebSocket Client verbunden
16.10.2020 21:49:58.976 - line 744 - INFO - OPEN - Anzahl verbundener Clients: 1
16.10.2020 21:49:58.978 - line 749 - DEBUG - Nachricht Client #1 (settings): getAllPoints
16.10.2020 21:50:00.022 - line 455 - ERROR - BufferError beim Aussenden einer Message zum Client
16.10.2020 21:50:07.681 - line 749 - DEBUG - Nachricht Client #1 (settings): resetRallye
16.10.2020 21:50:08.112 - line 968 - INFO - CLOSE - Anzahl noch verbundener Clients: 0
16.10.2020 21:50:08.770 - line 726 - INFO - Erster WebSocket Client verbunden
16.10.2020 21:50:08.777 - line 744 - INFO - OPEN - Anzahl verbundener Clients: 1
16.10.2020 21:50:08.886 - line 749 - DEBUG - Nachricht Client #1 (settings): getAllPoints
16.10.2020 21:50:17.410 - line 744 - INFO - OPEN - Anzahl verbundener Clients: 2
16.10.2020 21:50:17.482 - line 749 - DEBUG - Nachricht Client #2 (dashboard): getAllPoints
16.10.2020 21:50:19.023 - line 455 - ERROR - BufferError beim Aussenden einer Message zum Client
16.10.2020 21:50:19.024 - line 455 - ERROR - BufferError beim Aussenden einer Message zum Client
16.10.2020 21:50:23.022 - line 455 - ERROR - BufferError beim Aussenden einer Message zum Client
16.10.2020 21:50:25.023 - line 455 - ERROR - BufferError beim Aussenden einer Message zum Client
16.10.2020 21:50:25.024 - line 455 - ERROR - BufferError beim Aussenden einer Message zum Client
16.10.2020 21:50:29.146 - line 749 - DEBUG - Nachricht Client #2 (dashboard): toggleStage
16.10.2020 21:50:30.023 - line 455 - ERROR - BufferError beim Aussenden einer Message zum Client
16.10.2020 21:50:31.022 - line 455 - ERROR - BufferError beim Aussenden einer Message zum Client
16.10.2020 21:50:34.237 - line 455 - ERROR - BufferError beim Aussenden einer Message zum Client
16.10.2020 21:50:34.238 - line 455 - ERROR - BufferError beim Aussenden einer Message zum Client
16.10.2020 21:50:35.022 - line 258 - DEBUG -    Etappe 0 gestartet: 8,12/50,13
16.10.2020 21:50:35.916 - line 272 - DEBUG - Abschnitt 0 gestartet: 8,12/50,13
16.10.2020 21:54:43.960 - line 749 - DEBUG - Nachricht Client #2 (dashboard): resetSector
16.10.2020 21:54:54.032 - line 277 - DEBUG - Abschnitt 0 gestoppt:  8,12/50,13
16.10.2020 21:54:54.045 - line 272 - DEBUG - Abschnitt 1 gestartet: 8,12/50,13
16.10.2020 21:54:54.055 - line 749 - DEBUG - Nachricht Client #2 (dashboard): resetSector
16.10.2020 21:55:06.025 - line 277 - DEBUG - Abschnitt 1 gestoppt:  8,12/50,13
16.10.2020 21:55:06.036 - line 272 - DEBUG - Abschnitt 2 gestartet: 8,12/50,13
16.10.2020 21:56:07.411 - line 968 - INFO - CLOSE - Anzahl noch verbundener Clients: 1
16.10.2020 21:56:08.311 - line 744 - INFO - OPEN - Anzahl verbundener Clients: 2
16.10.2020 21:56:08.387 - line 749 - DEBUG - Nachricht Client #2 (dashboard): getAllPoints
16.10.2020 21:56:28.192 - line 968 - INFO - CLOSE - Anzahl noch verbundener Clients: 1
16.10.2020 21:56:28.937 - line 744 - INFO - OPEN - Anzahl verbundener Clients: 2
16.10.2020 21:56:29.045 - line 749 - DEBUG - Nachricht Client #2 (dashboard): getAllPoints
16.10.2020 21:56:34.554 - line 968 - INFO - CLOSE - Anzahl noch verbundener Clients: 1
16.10.2020 21:56:35.149 - line 744 - INFO - OPEN - Anzahl verbundener Clients: 2
16.10.2020 21:56:35.220 - line 749 - DEBUG - Nachricht Client #2 (dashboard): getAllPoints
16.10.2020 21:57:33.426 - line 749 - DEBUG - Nachricht Client #1 (settings): resetRallye
16.10.2020 21:57:33.522 - line 968 - INFO - CLOSE - Anzahl noch verbundener Clients: 1
16.10.2020 21:57:34.697 - line 744 - INFO - OPEN - Anzahl verbundener Clients: 2
16.10.2020 21:57:34.714 - line 749 - DEBUG - Nachricht Client #2 (settings): getAllPoints
16.10.2020 21:57:41.337 - line 968 - INFO - CLOSE - Anzahl noch verbundener Clients: 1
16.10.2020 21:57:42.286 - line 744 - INFO - OPEN - Anzahl verbundener Clients: 2
16.10.2020 21:57:42.322 - line 749 - DEBUG - Nachricht Client #2 (settings): getAllPoints
16.10.2020 21:57:54.667 - line 968 - INFO - CLOSE - Anzahl noch verbundener Clients: 1
16.10.2020 21:57:55.349 - line 744 - INFO - OPEN - Anzahl verbundener Clients: 2
16.10.2020 21:57:55.436 - line 749 - DEBUG - Nachricht Client #2 (settings): getAllPoints
16.10.2020 21:58:06.037 - line 749 - DEBUG - Nachricht Client #2 (settings): resetRallye
16.10.2020 21:58:06.111 - line 968 - INFO - CLOSE - Anzahl noch verbundener Clients: 1
16.10.2020 21:58:07.133 - line 744 - INFO - OPEN - Anzahl verbundener Clients: 2
16.10.2020 21:58:07.141 - line 749 - DEBUG - Nachricht Client #2 (settings): getAllPoints
16.10.2020 21:58:14.551 - line 968 - INFO - CLOSE - Anzahl noch verbundener Clients: 1
16.10.2020 21:58:15.232 - line 744 - INFO - OPEN - Anzahl verbundener Clients: 2
16.10.2020 21:58:15.392 - line 749 - DEBUG - Nachricht Client #2 (dashboard): getAllPoints
16.10.2020 21:59:23.314 - line 60 - INFO - Tripmaster V2.0 gestartet
16.10.2020 21:59:23.741 - line 61 - INFO - DEBUG: False
16.10.2020 22:01:45.780 - line 60 - INFO - Tripmaster V2.0 gestartet
16.10.2020 22:01:45.781 - line 61 - INFO - DEBUG: True
16.10.2020 22:01:45.781 - line 62 - DEBUG - Tornado-Version: 4.5.3
16.10.2020 22:02:44.227 - line 726 - INFO - Erster WebSocket Client verbunden
16.10.2020 22:02:44.234 - line 744 - INFO - OPEN - Anzahl verbundener Clients: 1
16.10.2020 22:02:44.313 - line 749 - DEBUG - Nachricht Client #1 (dashboard): getAllPoints
16.10.2020 22:02:49.376 - line 749 - DEBUG - Nachricht Client #1 (dashboard): toggleStage
16.10.2020 22:02:49.378 - line 258 - DEBUG -    Etappe 0 gestartet: 8,12/50,13
16.10.2020 22:02:49.925 - line 272 - DEBUG - Abschnitt 0 gestartet: 8,12/50,13
16.10.2020 22:03:04.758 - line 968 - INFO - CLOSE - Anzahl noch verbundener Clients: 0
16.10.2020 22:03:05.470 - line 726 - INFO - Erster WebSocket Client verbunden
16.10.2020 22:03:05.477 - line 744 - INFO - OPEN - Anzahl verbundener Clients: 1
16.10.2020 22:03:05.625 - line 749 - DEBUG - Nachricht Client #1 (dashboard): getAllPoints
16.10.2020 22:03:07.024 - line 455 - ERROR - BufferError beim Aussenden einer Message zum Client
16.10.2020 22:03:08.024 - line 455 - ERROR - BufferError beim Aussenden einer Message zum Client
16.10.2020 22:03:09.024 - line 455 - ERROR - BufferError beim Aussenden einer Message zum Client
16.10.2020 22:03:10.297 - line 455 - ERROR - BufferError beim Aussenden einer Message zum Client
16.10.2020 22:03:11.024 - line 455 - ERROR - BufferError beim Aussenden einer Message zum Client
16.10.2020 22:03:12.024 - line 455 - ERROR - BufferError beim Aussenden einer Message zum Client
16.10.2020 22:03:14.024 - line 455 - ERROR - BufferError beim Aussenden einer Message zum Client
16.10.2020 22:03:15.299 - line 455 - ERROR - BufferError beim Aussenden einer Message zum Client
16.10.2020 22:03:16.023 - line 455 - ERROR - BufferError beim Aussenden einer Message zum Client
16.10.2020 22:03:18.023 - line 455 - ERROR - BufferError beim Aussenden einer Message zum Client
16.10.2020 22:03:20.301 - line 455 - ERROR - BufferError beim Aussenden einer Message zum Client
16.10.2020 22:03:21.024 - line 455 - ERROR - BufferError beim Aussenden einer Message zum Client
16.10.2020 22:03:25.754 - line 749 - DEBUG - Nachricht Client #1 (dashboard): resetSector
16.10.2020 22:03:25.758 - line 277 - DEBUG - Abschnitt 0 gestoppt:  8,01/50,01
16.10.2020 22:03:25.896 - line 272 - DEBUG - Abschnitt 1 gestartet: 8,01/50,01
16.10.2020 22:03:30.163 - line 455 - ERROR - BufferError beim Aussenden einer Message zum Client
16.10.2020 22:03:43.027 - line 749 - DEBUG - Nachricht Client #1 (dashboard): countpoint:roundabout
16.10.2020 22:04:03.989 - line 744 - INFO - OPEN - Anzahl verbundener Clients: 2
16.10.2020 22:04:04.029 - line 749 - DEBUG - Nachricht Client #2 (settings): getAllPoints
16.10.2020 22:04:50.264 - line 749 - DEBUG - Nachricht Client #1 (dashboard): resetSector
16.10.2020 22:04:50.300 - line 455 - ERROR - BufferError beim Aussenden einer Message zum Client
16.10.2020 22:04:50.301 - line 455 - ERROR - BufferError beim Aussenden einer Message zum Client
16.10.2020 22:04:51.026 - line 277 - DEBUG - Abschnitt 1 gestoppt:  8,12/50,13
16.10.2020 22:04:51.164 - line 272 - DEBUG - Abschnitt 2 gestartet: 8,12/50,13
16.10.2020 22:05:05.203 - line 749 - DEBUG - Nachricht Client #1 (dashboard): resetSector
16.10.2020 22:05:05.300 - line 455 - ERROR - BufferError beim Aussenden einer Message zum Client
16.10.2020 22:05:05.301 - line 455 - ERROR - BufferError beim Aussenden einer Message zum Client
16.10.2020 22:05:06.026 - line 277 - DEBUG - Abschnitt 2 gestoppt:  8,12/50,13
16.10.2020 22:05:06.170 - line 272 - DEBUG - Abschnitt 3 gestartet: 8,12/50,13
16.10.2020 22:10:14.051 - line 749 - DEBUG - Nachricht Client #1 (dashboard): resetSector
16.10.2020 22:10:15.026 - line 277 - DEBUG - Abschnitt 3 gestoppt:  8,12/50,13
16.10.2020 22:10:15.340 - line 272 - DEBUG - Abschnitt 4 gestartet: 8,12/50,13
16.10.2020 22:10:32.855 - line 968 - INFO - CLOSE - Anzahl noch verbundener Clients: 1
16.10.2020 22:10:34.763 - line 744 - INFO - OPEN - Anzahl verbundener Clients: 2
16.10.2020 22:10:35.863 - line 749 - DEBUG - Nachricht Client #2 (dashboard): getAllPoints
16.10.2020 22:11:50.176 - line 1082 - INFO - Tornado beendet
16.10.2020 22:12:19.402 - line 60 - INFO - Tripmaster V2.0 gestartet
16.10.2020 22:12:19.402 - line 61 - INFO - DEBUG: True
16.10.2020 22:12:19.403 - line 62 - DEBUG - Tornado-Version: 4.5.3
16.10.2020 22:13:32.740 - line 60 - INFO - Tripmaster V2.0 gestartet
16.10.2020 22:13:36.148 - line 61 - INFO - DEBUG: False
16.10.2020 22:14:18.977 - line 726 - INFO - Erster WebSocket Client verbunden
16.10.2020 22:14:18.984 - line 744 - INFO - OPEN - Anzahl verbundener Clients: 1
16.10.2020 22:14:19.590 - line 968 - INFO - CLOSE - Anzahl noch verbundener Clients: 0
16.10.2020 22:14:20.345 - line 726 - INFO - Erster WebSocket Client verbunden
16.10.2020 22:14:20.353 - line 744 - INFO - OPEN - Anzahl verbundener Clients: 1
16.10.2020 22:14:23.338 - line 455 - ERROR - BufferError beim Aussenden einer Message zum Client
16.10.2020 22:14:24.570 - line 455 - ERROR - BufferError beim Aussenden einer Message zum Client
16.10.2020 22:14:26.030 - line 455 - ERROR - BufferError beim Aussenden einer Message zum Client
16.10.2020 22:14:27.031 - line 455 - ERROR - BufferError beim Aussenden einer Message zum Client
16.10.2020 22:14:28.031 - line 455 - ERROR - BufferError beim Aussenden einer Message zum Client
16.10.2020 22:14:29.031 - line 455 - ERROR - BufferError beim Aussenden einer Message zum Client
16.10.2020 22:14:30.030 - line 455 - ERROR - BufferError beim Aussenden einer Message zum Client
16.10.2020 22:14:31.031 - line 455 - ERROR - BufferError beim Aussenden einer Message zum Client
16.10.2020 22:14:32.023 - line 455 - ERROR - BufferError beim Aussenden einer Message zum Client
16.10.2020 22:14:33.031 - line 455 - ERROR - BufferError beim Aussenden einer Message zum Client
16.10.2020 22:14:34.030 - line 455 - ERROR - BufferError beim Aussenden einer Message zum Client
16.10.2020 22:14:35.040 - line 455 - ERROR - BufferError beim Aussenden einer Message zum Client
16.10.2020 22:14:37.031 - line 455 - ERROR - BufferError beim Aussenden einer Message zum Client
16.10.2020 22:14:38.031 - line 455 - ERROR - BufferError beim Aussenden einer Message zum Client
16.10.2020 22:14:41.031 - line 455 - ERROR - BufferError beim Aussenden einer Message zum Client
16.10.2020 22:14:42.031 - line 455 - ERROR - BufferError beim Aussenden einer Message zum Client
16.10.2020 22:14:43.031 - line 455 - ERROR - BufferError beim Aussenden einer Message zum Client
16.10.2020 22:14:44.041 - line 455 - ERROR - BufferError beim Aussenden einer Message zum Client
16.10.2020 22:14:47.031 - line 455 - ERROR - BufferError beim Aussenden einer Message zum Client
16.10.2020 22:14:48.031 - line 455 - ERROR - BufferError beim Aussenden einer Message zum Client
16.10.2020 22:14:49.031 - line 455 - ERROR - BufferError beim Aussenden einer Message zum Client
16.10.2020 22:15:36.658 - line 60 - INFO - Tripmaster V2.0 gestartet
16.10.2020 22:15:36.659 - line 61 - INFO - DEBUG: True
16.10.2020 22:15:36.659 - line 62 - DEBUG - Tornado-Version: 4.5.3
16.10.2020 22:16:08.641 - line 726 - INFO - Erster WebSocket Client verbunden
16.10.2020 22:16:08.648 - line 744 - INFO - OPEN - Anzahl verbundener Clients: 1
16.10.2020 22:16:08.709 - line 749 - DEBUG - Nachricht Client #1 (dashboard): getAllPoints
16.10.2020 22:52:27.092 - line 744 - INFO - OPEN - Anzahl verbundener Clients: 2
16.10.2020 22:52:27.254 - line 749 - DEBUG - Nachricht Client #2 (dashboard): getAllPoints
16.10.2020 22:53:55.727 - line 968 - INFO - CLOSE - Anzahl noch verbundener Clients: 1
16.10.2020 23:00:08.404 - line 749 - DEBUG - Nachricht Client #2 (dashboard): resetSector
16.10.2020 23:00:08.435 - line 277 - DEBUG - Abschnitt 4 gestoppt:  8,12/50,13
16.10.2020 23:00:08.477 - line 272 - DEBUG - Abschnitt 5 gestartet: 8,12/50,13
16.10.2020 23:11:05.004 - line 749 - DEBUG - Nachricht Client #2 (dashboard): resetSector
16.10.2020 23:11:05.038 - line 277 - DEBUG - Abschnitt 5 gestoppt:  8,12/50,13
16.10.2020 23:11:05.101 - line 272 - DEBUG - Abschnitt 6 gestartet: 8,12/50,13
16.10.2020 23:11:13.409 - line 749 - DEBUG - Nachricht Client #2 (dashboard): checkpoint:townsign
16.10.2020 23:11:16.563 - line 749 - DEBUG - Nachricht Client #2 (dashboard): countpoint:roundabout
16.10.2020 23:11:26.537 - line 749 - DEBUG - Nachricht Client #2 (dashboard): checkpoint:townsign
16.10.2020 23:11:39.163 - line 749 - DEBUG - Nachricht Client #2 (dashboard): checkpoint:stampcheck
16.10.2020 23:11:43.268 - line 749 - DEBUG - Nachricht Client #2 (dashboard): checkpoint:mutecheck
16.10.2020 23:11:48.061 - line 749 - DEBUG - Nachricht Client #2 (dashboard): resetSector
16.10.2020 23:11:48.102 - line 277 - DEBUG - Abschnitt 6 gestoppt:  8,12/50,13
16.10.2020 23:11:48.152 - line 272 - DEBUG - Abschnitt 7 gestartet: 8,12/50,13
16.10.2020 23:11:56.242 - line 749 - DEBUG - Nachricht Client #2 (dashboard): countpoint:roundabout
16.10.2020 23:12:01.464 - line 749 - DEBUG - Nachricht Client #2 (dashboard): resetSector
16.10.2020 23:12:01.500 - line 277 - DEBUG - Abschnitt 7 gestoppt:  8,12/50,13
16.10.2020 23:12:01.552 - line 272 - DEBUG - Abschnitt 8 gestartet: 8,12/50,13
16.10.2020 23:12:52.631 - line 744 - INFO - OPEN - Anzahl verbundener Clients: 2
16.10.2020 23:12:52.680 - line 749 - DEBUG - Nachricht Client #2 (settings): getAllPoints
16.10.2020 23:13:03.940 - line 749 - DEBUG - Nachricht Client #2 (settings): resetRallye
16.10.2020 23:13:04.022 - line 968 - INFO - CLOSE - Anzahl noch verbundener Clients: 1
16.10.2020 23:13:04.980 - line 744 - INFO - OPEN - Anzahl verbundener Clients: 2
16.10.2020 23:13:04.985 - line 749 - DEBUG - Nachricht Client #2 (settings): getAllPoints
16.10.2020 23:13:13.776 - line 749 - DEBUG - Nachricht Client #2 (dashboard): toggleStage
16.10.2020 23:13:13.778 - line 258 - DEBUG -    Etappe 0 gestartet: 8,12/50,13
16.10.2020 23:13:13.787 - line 272 - DEBUG - Abschnitt 0 gestartet: 8,12/50,13
16.10.2020 23:13:17.968 - line 749 - DEBUG - Nachricht Client #2 (dashboard): resetSector
16.10.2020 23:13:17.970 - line 277 - DEBUG - Abschnitt 0 gestoppt:  8,12/50,13
16.10.2020 23:13:18.321 - line 272 - DEBUG - Abschnitt 1 gestartet: 8,12/50,13
16.10.2020 23:15:09.276 - line 749 - DEBUG - Nachricht Client #2 (dashboard): resetSector
16.10.2020 23:15:09.280 - line 277 - DEBUG - Abschnitt 1 gestoppt:  8,12/50,13
16.10.2020 23:15:09.288 - line 272 - DEBUG - Abschnitt 2 gestartet: 8,12/50,13
16.10.2020 23:15:29.458 - line 749 - DEBUG - Nachricht Client #2 (settings): reverse:false
16.10.2020 23:15:29.475 - line 749 - DEBUG - Nachricht Client #2 (settings): setSectorLength:15
16.10.2020 23:16:23.490 - line 749 - DEBUG - Nachricht Client #2 (settings): reverse:false
16.10.2020 23:16:23.493 - line 749 - DEBUG - Nachricht Client #2 (settings): setSectorLength:18
16.10.2020 23:18:56.924 - line 749 - DEBUG - Nachricht Client #2 (settings): setSectorLength:0.0
16.10.2020 23:18:56.926 - line 749 - DEBUG - Nachricht Client #2 (settings): resetSector
16.10.2020 23:18:56.931 - line 277 - DEBUG - Abschnitt 2 gestoppt:  8,12/50,13
16.10.2020 23:18:56.943 - line 272 - DEBUG - Abschnitt 3 gestartet: 8,12/50,13
16.10.2020 23:18:56.967 - line 749 - DEBUG - Nachricht Client #2 (settings): startRegtest:1104&22&71.73913043478261
16.10.2020 23:19:38.402 - line 749 - DEBUG - Nachricht Client #2 (settings): setSectorLength:0.0
16.10.2020 23:19:49.882 - line 749 - DEBUG - Nachricht Client #2 (settings): stopRegtest
16.10.2020 23:19:51.947 - line 749 - DEBUG - Nachricht Client #2 (settings): setSectorLength:0.0
16.10.2020 23:19:51.949 - line 749 - DEBUG - Nachricht Client #2 (settings): resetSector
16.10.2020 23:19:51.955 - line 277 - DEBUG - Abschnitt 3 gestoppt:  8,12/50,13
16.10.2020 23:19:51.963 - line 272 - DEBUG - Abschnitt 4 gestartet: 8,12/50,13
16.10.2020 23:20:00.996 - line 749 - DEBUG - Nachricht Client #2 (settings): reverse:false
16.10.2020 23:20:00.998 - line 749 - DEBUG - Nachricht Client #2 (settings): setSectorLength:8
16.10.2020 23:20:11.433 - line 749 - DEBUG - Nachricht Client #2 (dashboard): resetSector
16.10.2020 23:20:11.438 - line 277 - DEBUG - Abschnitt 4 gestoppt:  8,12/50,13
16.10.2020 23:20:11.447 - line 272 - DEBUG - Abschnitt 5 gestartet: 8,12/50,13
16.10.2020 23:20:17.033 - line 749 - DEBUG - Nachricht Client #2 (dashboard): resetSector
16.10.2020 23:20:17.039 - line 277 - DEBUG - Abschnitt 5 gestoppt:  8,12/50,13
16.10.2020 23:20:17.048 - line 272 - DEBUG - Abschnitt 6 gestartet: 8,12/50,13
16.10.2020 23:22:03.613 - line 749 - DEBUG - Nachricht Client #2 (dashboard): resetSector
16.10.2020 23:22:03.619 - line 277 - DEBUG - Abschnitt 6 gestoppt:  8,12/50,13
16.10.2020 23:22:03.778 - line 272 - DEBUG - Abschnitt 7 gestartet: 8,12/50,13
16.10.2020 23:22:23.517 - line 749 - DEBUG - Nachricht Client #2 (dashboard): checkpoint:townsign
16.10.2020 23:26:29.145 - line 749 - DEBUG - Nachricht Client #2 (dashboard): ErrorToAll:Beende Tripmaster in wenigen Sekunden!
16.10.2020 23:26:39.101 - line 749 - DEBUG - Nachricht Client #2 (dashboard): ErrorToAll:Beende Tripmaster in wenigen Sekunden!
16.10.2020 23:26:49.075 - line 749 - DEBUG - Nachricht Client #2 (dashboard): ErrorToAll:Beende Tripmaster in wenigen Sekunden!
16.10.2020 23:26:59.131 - line 749 - DEBUG - Nachricht Client #2 (dashboard): ErrorToAll:Beende Tripmaster in wenigen Sekunden!
16.10.2020 23:27:19.795 - line 749 - DEBUG - Nachricht Client #2 (settings): sudoHalt
